2020-05-21 01:57:17 Method: cn.Knife.Wework.Utils.JdbcQueryUtil.getConnection(JdbcQueryUtil.java:192) - [ INFO ] -> 
***********开始连接数据库***********
连接地址：[jdbc:mysql://localhost:3306/test?serverTimezone=UTC]
用户名：[root]
密码：[p2538699146]
2020-05-21 01:57:17 Method: cn.Knife.Wework.Utils.JdbcQueryUtil.jdbcQueryAndUpdate(JdbcQueryUtil.java:97) - [ INFO ] -> 开始执行查询操作！
2020-05-21 01:57:17 Method: cn.Knife.Wework.Utils.JdbcQueryUtil.jdbcQueryAndUpdate(JdbcQueryUtil.java:140) - [ INFO ] -> 
当前执行查询sql：
select * from apiautotestparamter where case_id = 1 AND api_Name = '批量修改测试1';
查询结果：{result=, api_Type=post_json, paramter={"password":"p1213","username":"2538699146"}, module=login, expected={"msg":"登录成功"}, case_Id=1, api_Name=批量修改测试1, api_Uri=login_by, desc=正常登录}
2020-05-21 02:53:23 Method: cn.Knife.Wework.Utils.OutputDos.delAllureResults(OutputDos.java:35) - [ INFO ] -> 当前文件：D:\Knife-Test\target\allure-results\02adf8b8-2413-4fae-96ea-5a0b1ce9129f-result.json，删除成功
2020-05-21 02:53:23 Method: cn.Knife.Wework.Utils.OutputDos.delAllureResults(OutputDos.java:35) - [ INFO ] -> 当前文件：D:\Knife-Test\target\allure-results\11c68c2d-21cc-4666-a5b4-d64e9d0929db-container.json，删除成功
2020-05-21 02:53:23 Method: cn.Knife.Wework.Utils.OutputDos.delAllureResults(OutputDos.java:35) - [ INFO ] -> 当前文件：D:\Knife-Test\target\allure-results\173faede-16d7-4791-84c9-b53f60be9d68-container.json，删除成功
2020-05-21 02:53:23 Method: cn.Knife.Wework.Utils.OutputDos.delAllureResults(OutputDos.java:35) - [ INFO ] -> 当前文件：D:\Knife-Test\target\allure-results\1ea500e2-6a96-489e-9863-c4548bb1f603-container.json，删除成功
2020-05-21 02:53:23 Method: cn.Knife.Wework.Utils.OutputDos.delAllureResults(OutputDos.java:35) - [ INFO ] -> 当前文件：D:\Knife-Test\target\allure-results\227e888c-5e37-4031-966a-822ab114df92-container.json，删除成功
2020-05-21 02:53:23 Method: cn.Knife.Wework.Utils.OutputDos.delAllureResults(OutputDos.java:35) - [ INFO ] -> 当前文件：D:\Knife-Test\target\allure-results\240b3cb8-2d79-4df4-bc37-cad280e73f35-result.json，删除成功
2020-05-21 02:53:23 Method: cn.Knife.Wework.Utils.OutputDos.delAllureResults(OutputDos.java:35) - [ INFO ] -> 当前文件：D:\Knife-Test\target\allure-results\2955840a-531e-4944-a3f9-f8d1b1e9990d-container.json，删除成功
2020-05-21 02:53:23 Method: cn.Knife.Wework.Utils.OutputDos.delAllureResults(OutputDos.java:35) - [ INFO ] -> 当前文件：D:\Knife-Test\target\allure-results\2d3c8ed0-b5bf-4b47-b14d-6facbe458adf-container.json，删除成功
2020-05-21 02:53:23 Method: cn.Knife.Wework.Utils.OutputDos.delAllureResults(OutputDos.java:35) - [ INFO ] -> 当前文件：D:\Knife-Test\target\allure-results\2f59b067-bbd8-4f7c-9247-57d727929664-container.json，删除成功
2020-05-21 02:53:23 Method: cn.Knife.Wework.Utils.OutputDos.delAllureResults(OutputDos.java:35) - [ INFO ] -> 当前文件：D:\Knife-Test\target\allure-results\302e2c2d-ad22-45ba-ab5e-18bf29330786-result.json，删除成功
2020-05-21 02:53:23 Method: cn.Knife.Wework.Utils.OutputDos.delAllureResults(OutputDos.java:35) - [ INFO ] -> 当前文件：D:\Knife-Test\target\allure-results\39f02889-dafe-42ad-8622-1919dcf6e0ea-container.json，删除成功
2020-05-21 02:53:23 Method: cn.Knife.Wework.Utils.OutputDos.delAllureResults(OutputDos.java:35) - [ INFO ] -> 当前文件：D:\Knife-Test\target\allure-results\43e89e09-e9e5-472d-8c99-30779f5b64d0-container.json，删除成功
2020-05-21 02:53:23 Method: cn.Knife.Wework.Utils.OutputDos.delAllureResults(OutputDos.java:35) - [ INFO ] -> 当前文件：D:\Knife-Test\target\allure-results\52193c18-06b4-4486-a52b-3dfdc0211118-container.json，删除成功
2020-05-21 02:53:23 Method: cn.Knife.Wework.Utils.OutputDos.delAllureResults(OutputDos.java:35) - [ INFO ] -> 当前文件：D:\Knife-Test\target\allure-results\527cc3da-2e72-42a7-aa9d-1eef9f90da37-container.json，删除成功
2020-05-21 02:53:23 Method: cn.Knife.Wework.Utils.OutputDos.delAllureResults(OutputDos.java:35) - [ INFO ] -> 当前文件：D:\Knife-Test\target\allure-results\58f92898-60e4-44a0-b9ab-067164b440d1-result.json，删除成功
2020-05-21 02:53:23 Method: cn.Knife.Wework.Utils.OutputDos.delAllureResults(OutputDos.java:35) - [ INFO ] -> 当前文件：D:\Knife-Test\target\allure-results\5951e1e0-230c-4960-b4f3-1c23f8104676-container.json，删除成功
2020-05-21 02:53:23 Method: cn.Knife.Wework.Utils.OutputDos.delAllureResults(OutputDos.java:35) - [ INFO ] -> 当前文件：D:\Knife-Test\target\allure-results\68665ed5-b49e-4115-8855-f1fe7c348d0e-container.json，删除成功
2020-05-21 02:53:23 Method: cn.Knife.Wework.Utils.OutputDos.delAllureResults(OutputDos.java:35) - [ INFO ] -> 当前文件：D:\Knife-Test\target\allure-results\6ac98f72-e3f2-4631-9a16-fe23c3eebf49-container.json，删除成功
2020-05-21 02:53:23 Method: cn.Knife.Wework.Utils.OutputDos.delAllureResults(OutputDos.java:35) - [ INFO ] -> 当前文件：D:\Knife-Test\target\allure-results\6d6c3d11-0cd1-4c94-9eb6-c437f3265c90-container.json，删除成功
2020-05-21 02:53:23 Method: cn.Knife.Wework.Utils.OutputDos.delAllureResults(OutputDos.java:35) - [ INFO ] -> 当前文件：D:\Knife-Test\target\allure-results\750c419d-82df-4f26-b71f-bbe0d59a28f7-container.json，删除成功
2020-05-21 02:53:23 Method: cn.Knife.Wework.Utils.OutputDos.delAllureResults(OutputDos.java:35) - [ INFO ] -> 当前文件：D:\Knife-Test\target\allure-results\7a93e217-b54e-4b52-9dfb-cc2a7f9e64bf-container.json，删除成功
2020-05-21 02:53:23 Method: cn.Knife.Wework.Utils.OutputDos.delAllureResults(OutputDos.java:35) - [ INFO ] -> 当前文件：D:\Knife-Test\target\allure-results\80a323e3-3c7b-4fb0-a789-009261bf8362-container.json，删除成功
2020-05-21 02:53:23 Method: cn.Knife.Wework.Utils.OutputDos.delAllureResults(OutputDos.java:35) - [ INFO ] -> 当前文件：D:\Knife-Test\target\allure-results\979f3c7a-7507-484c-98a8-e15a851c0c2c-result.json，删除成功
2020-05-21 02:53:23 Method: cn.Knife.Wework.Utils.OutputDos.delAllureResults(OutputDos.java:35) - [ INFO ] -> 当前文件：D:\Knife-Test\target\allure-results\97f50490-e388-4697-90c0-2b1167b46a6b-result.json，删除成功
2020-05-21 02:53:23 Method: cn.Knife.Wework.Utils.OutputDos.delAllureResults(OutputDos.java:35) - [ INFO ] -> 当前文件：D:\Knife-Test\target\allure-results\a13f7559-5839-4a65-98ae-47fced161ca7-result.json，删除成功
2020-05-21 02:53:23 Method: cn.Knife.Wework.Utils.OutputDos.delAllureResults(OutputDos.java:35) - [ INFO ] -> 当前文件：D:\Knife-Test\target\allure-results\a1f540ab-f2c5-4af9-93ab-9f954f62a241-container.json，删除成功
2020-05-21 02:53:23 Method: cn.Knife.Wework.Utils.OutputDos.delAllureResults(OutputDos.java:35) - [ INFO ] -> 当前文件：D:\Knife-Test\target\allure-results\a4f439d3-0068-49cb-9748-2afd3695c266-container.json，删除成功
2020-05-21 02:53:23 Method: cn.Knife.Wework.Utils.OutputDos.delAllureResults(OutputDos.java:35) - [ INFO ] -> 当前文件：D:\Knife-Test\target\allure-results\a6c99470-97b7-49e3-b744-2a978b093199-result.json，删除成功
2020-05-21 02:53:23 Method: cn.Knife.Wework.Utils.OutputDos.delAllureResults(OutputDos.java:35) - [ INFO ] -> 当前文件：D:\Knife-Test\target\allure-results\b46acaff-0c7a-4f75-b365-330c17841556-result.json，删除成功
2020-05-21 02:53:23 Method: cn.Knife.Wework.Utils.OutputDos.delAllureResults(OutputDos.java:35) - [ INFO ] -> 当前文件：D:\Knife-Test\target\allure-results\bd1e98d1-ce54-440d-bfed-c764ae01e129-container.json，删除成功
2020-05-21 02:53:23 Method: cn.Knife.Wework.Utils.OutputDos.delAllureResults(OutputDos.java:35) - [ INFO ] -> 当前文件：D:\Knife-Test\target\allure-results\c3f6061e-a49a-4a68-8752-a95e8811f163-result.json，删除成功
2020-05-21 02:53:23 Method: cn.Knife.Wework.Utils.OutputDos.delAllureResults(OutputDos.java:35) - [ INFO ] -> 当前文件：D:\Knife-Test\target\allure-results\c3f73e3c-8bc0-4e5f-bf03-ed83f506b2a6-result.json，删除成功
2020-05-21 02:53:23 Method: cn.Knife.Wework.Utils.OutputDos.delAllureResults(OutputDos.java:35) - [ INFO ] -> 当前文件：D:\Knife-Test\target\allure-results\c6d57aa8-650a-41ba-98f7-f53daf356650-container.json，删除成功
2020-05-21 02:53:23 Method: cn.Knife.Wework.Utils.OutputDos.delAllureResults(OutputDos.java:35) - [ INFO ] -> 当前文件：D:\Knife-Test\target\allure-results\cb44adb4-6502-40a3-b453-6b089e4d6c31-container.json，删除成功
2020-05-21 02:53:23 Method: cn.Knife.Wework.Utils.OutputDos.delAllureResults(OutputDos.java:35) - [ INFO ] -> 当前文件：D:\Knife-Test\target\allure-results\efce58e9-50a7-4779-b1e2-0fd058eb678c-result.json，删除成功
2020-05-21 02:53:23 Method: cn.Knife.Wework.Utils.OutputDos.delAllureResults(OutputDos.java:35) - [ INFO ] -> 当前文件：D:\Knife-Test\target\allure-results\f353e7d7-10b9-4bee-bb59-3600af443ba5-container.json，删除成功
2020-05-21 02:53:23 Method: cn.Knife.Wework.Utils.OutputDos.delAllureResults(OutputDos.java:35) - [ INFO ] -> 当前文件：D:\Knife-Test\target\allure-results\f6439e23-b106-4647-9b93-73de2e5cdf4e-result.json，删除成功
2020-05-21 02:53:23 Method: cn.Knife.Wework.Utils.Rest_Perfect.getDefaultRequestSpecification(Rest_Perfect.java:29) - [ INFO ] -> 开始初始化RequestSpecification
2020-05-21 02:53:23 Method: cn.Knife.Wework.Utils.Rest_Perfect.getDefaultRequestSpecification(Rest_Perfect.java:31) - [ INFO ] -> 
              ____  __.        .__   _____                        
  /\|\/\       |    |/ _|  ____  |__|_/ ____\  ____        /\|\/\   
 _)    (__     |      <   /    \ |  |\   __\ _/ __ \      _)    (__ 
 \_     _/     |    |  \ |   |  \|  | |  |   \  ___/      \_     _/ 
   )    \   /\ |____|__ \|___|  /|__| |__|    \___  > /\    )    \  
   \/\|\/   \/         \/     \/                  \/  \/    \/\|\/  
2020-05-21 02:53:25 Method: cn.Knife.Wework.Utils.Super_Utils.YamlFactoryIsReadYamlAndWriterYaml(Super_Utils.java:189) - [ INFO ] -> 当前操作状态：读取
2020-05-21 02:53:33 Method: cn.Knife.Wework.Utils.Rest_Perfect.getDefaultRequestSpecification(Rest_Perfect.java:29) - [ INFO ] -> 开始初始化RequestSpecification
2020-05-21 02:53:33 Method: cn.Knife.Wework.Utils.Rest_Perfect.getDefaultRequestSpecification(Rest_Perfect.java:31) - [ INFO ] -> 
              ____  __.        .__   _____                        
  /\|\/\       |    |/ _|  ____  |__|_/ ____\  ____        /\|\/\   
 _)    (__     |      <   /    \ |  |\   __\ _/ __ \      _)    (__ 
 \_     _/     |    |  \ |   |  \|  | |  |   \  ___/      \_     _/ 
   )    \   /\ |____|__ \|___|  /|__| |__|    \___  > /\    )    \  
   \/\|\/   \/         \/     \/                  \/  \/    \/\|\/  
2020-05-21 02:53:34 Method: cn.Knife.Wework.Utils.JdbcUtil.strFormatByArgs(JdbcUtil.java:160) - [ INFO ] -> 待执行SQL中，占位符"?"已转换为指定值！
2020-05-21 02:53:34 Method: cn.Knife.Wework.Utils.JdbcQueryUtil.getConnection(JdbcQueryUtil.java:192) - [ INFO ] -> 
***********开始连接数据库***********
连接地址：[jdbc:mysql://localhost:3306/test?serverTimezone=UTC]
用户名：[root]
密码：[p2538699146]
2020-05-21 02:53:34 Method: cn.Knife.Wework.Utils.JdbcQueryUtil.jdbcQueryAndUpdate(JdbcQueryUtil.java:97) - [ INFO ] -> 开始执行查询操作！
2020-05-21 02:53:34 Method: cn.Knife.Wework.Utils.JdbcQueryUtil.jdbcQueryAndUpdate(JdbcQueryUtil.java:140) - [ INFO ] -> 
当前执行查询sql：
select * from apiautotestparamter where case_id = 1 and api_Name = '批量修改测试1';
查询结果：{result=, api_Type=post_json, paramter={"password":"p1213","username":"2538699146"}, module=login, expected={"msg":"登录成功"}, case_Id=1, api_Name=批量修改测试1, api_Uri=login_by, desc=正常登录}
2020-05-21 02:53:38 Method: cn.Knife.Wework.Utils.SendEmail.getAllureResult(SendEmail.java:221) - [ INFO ] -> allure-report解析成功
2020-05-21 02:53:48 Method: cn.Knife.Wework.Utils.SendEmail.send(SendEmail.java:146) - [ INFO ] -> 
邮件主题：2020月05月21日 02:53:38 接口自动化测试
邮件内容：Case执行总数：1
通过：1条
失败：0条
执行花费时间：0秒
收件人邮箱：2538699146@qq.com
****************************邮件发送成功****************************
